<?xml version="1.0" encoding="UTF-8"?>
<!-- Generated by org.testng.reporters.JUnitXMLReporter -->
<testsuite ignored="1" hostname="sonali" failures="0" tests="1" name="Test" time="29.93" errors="0" timestamp="2024-01-18T18:18:12 IST">
  <testcase classname="TestNgTestClassPackage.Validate_testcases_CoverFox" name="validateResultNumber" time="12.929"/>
  <testcase classname="TestNgTestClassPackage.Validate_testcases_CoverFox" name="SearchsortPlanText" time="0.0">
    <ignored/>
  </testcase> <!-- SearchsortPlanText -->
</testsuite> <!-- Test -->
