<?xml version="1.0" encoding="UTF-8"?>
<testng-results ignored="0" total="1" passed="1" failed="0" skipped="0">
  <reporter-output>
    <line>
      <![CDATA[Launching Browser]]>
    </line>
    <line>
      <![CDATA[On home Page]]>
    </line>
    <line>
      <![CDATA[On Health Page]]>
    </line>
    <line>
      <![CDATA[On members details Page]]>
    </line>
    <line>
      <![CDATA[Text On Result Page]]>
    </line>
    <line>
      <![CDATA[text Result :49]]>
    </line>
    <line>
      <![CDATA[Check Banners Count ]]>
    </line>
    <line>
      <![CDATA[text Result :49]]>
    </line>
    <line>
      <![CDATA[Test case passed]]>
    </line>
    <line>
      <![CDATA[closing Browser]]>
    </line>
  </reporter-output>
  <suite started-at="2024-01-19T22:52:43 IST" name="Suite" finished-at="2024-01-19T22:53:16 IST" duration-ms="33606">
    <groups>
    </groups>
    <test started-at="2024-01-19T22:52:43 IST" name="Test" finished-at="2024-01-19T22:53:16 IST" duration-ms="33606">
      <class name="TestNgTestClassPackage.Validate_testcases_CoverFox">
        <test-method is-config="true" signature="launchBrowser()[pri:0, instance:TestNgTestClassPackage.Validate_testcases_CoverFox@4fb0f2b9]" started-at="2024-01-19T22:52:43 IST" name="launchBrowser" finished-at="2024-01-19T22:52:56 IST" duration-ms="13702" status="PASS">
          <reporter-output>
            <line>
              <![CDATA[Launching Browser]]>
            </line>
          </reporter-output>
        </test-method> <!-- launchBrowser -->
        <test-method is-config="true" signature="callingMethodsOfClass()[pri:0, instance:TestNgTestClassPackage.Validate_testcases_CoverFox@4fb0f2b9]" started-at="2024-01-19T22:52:56 IST" name="callingMethodsOfClass" finished-at="2024-01-19T22:53:02 IST" duration-ms="5243" status="PASS">
          <reporter-output>
            <line>
              <![CDATA[On home Page]]>
            </line>
            <line>
              <![CDATA[On Health Page]]>
            </line>
            <line>
              <![CDATA[On members details Page]]>
            </line>
          </reporter-output>
        </test-method> <!-- callingMethodsOfClass -->
        <test-method signature="validateResultNumber()[pri:0, instance:TestNgTestClassPackage.Validate_testcases_CoverFox@4fb0f2b9]" started-at="2024-01-19T22:53:02 IST" name="validateResultNumber" finished-at="2024-01-19T22:53:15 IST" duration-ms="13383" status="PASS">
          <reporter-output>
            <line>
              <![CDATA[Text On Result Page]]>
            </line>
            <line>
              <![CDATA[text Result :49]]>
            </line>
            <line>
              <![CDATA[Check Banners Count ]]>
            </line>
            <line>
              <![CDATA[text Result :49]]>
            </line>
            <line>
              <![CDATA[Test case passed]]>
            </line>
          </reporter-output>
        </test-method> <!-- validateResultNumber -->
        <test-method is-config="true" signature="closeBrowser()[pri:0, instance:TestNgTestClassPackage.Validate_testcases_CoverFox@4fb0f2b9]" started-at="2024-01-19T22:53:15 IST" name="closeBrowser" finished-at="2024-01-19T22:53:16 IST" duration-ms="1231" status="PASS">
          <reporter-output>
            <line>
              <![CDATA[closing Browser]]>
            </line>
          </reporter-output>
        </test-method> <!-- closeBrowser -->
      </class> <!-- TestNgTestClassPackage.Validate_testcases_CoverFox -->
    </test> <!-- Test -->
  </suite> <!-- Suite -->
</testng-results>
